<?xml version="1.0" encoding="UTF-8"?>
<!-- Generated by org.testng.reporters.JUnitXMLReporter -->
<testsuite ignored="0" hostname="BDC4-L-8Y4DZM2" failures="0" tests="9" name="Test1" time="35.811" errors="0" timestamp="2020-01-21T10:36:29 IST">
  <testcase classname="tests.NewTest5" name="@BeforeTest beforeTest" time="0.098">
    <failure type="java.lang.IllegalStateException" message="The path to the driver executable must be set by the webdriver.edge.driver system property; for more information, see https://github.com/SeleniumHQ/selenium/wiki/MicrosoftWebDriver. The latest version can be downloaded from https://msedgecdn.azurewebsites.net/webdriver/index.html">
      <![CDATA[java.lang.IllegalStateException: The path to the driver executable must be set by the webdriver.edge.driver system property; for more information, see https://github.com/SeleniumHQ/selenium/wiki/MicrosoftWebDriver. The latest version can be downloaded from https://msedgecdn.azurewebsites.net/webdriver/index.html
at com.google.common.base.Preconditions.checkState(Preconditions.java:843)
at org.openqa.selenium.remote.service.DriverService.findExecutable(DriverService.java:142)
at org.openqa.selenium.edge.ChromiumEdgeDriverService.access$000(ChromiumEdgeDriverService.java:34)
at org.openqa.selenium.edge.ChromiumEdgeDriverService$Builder.findDefaultExecutable(ChromiumEdgeDriverService.java:145)
at org.openqa.selenium.remote.service.DriverService$Builder.build(DriverService.java:389)
at org.openqa.selenium.edge.EdgeDriver.toExecutor(EdgeDriver.java:143)
at org.openqa.selenium.edge.EdgeDriver.<init>(EdgeDriver.java:120)
at org.openqa.selenium.edge.EdgeDriver.<init>(EdgeDriver.java:117)
at tests.NewTest5.beforeTest(NewTest5.java:38)
at java.base/java.util.concurrent.FutureTask.run(FutureTask.java:264)
at java.base/java.util.concurrent.ThreadPoolExecutor.runWorker(ThreadPoolExecutor.java:1128)
at java.base/java.util.concurrent.ThreadPoolExecutor$Worker.run(ThreadPoolExecutor.java:628)
at java.base/java.lang.Thread.run(Thread.java:830)
... Removed 15 stack frames]]>
    </failure>
  </testcase> <!-- @BeforeTest beforeTest -->
  <testcase classname="tests.NewTest5" name="@AfterTest afterTest" time="-1.579583154489E9">
    <skipped/>
  </testcase> <!-- @AfterTest afterTest -->
  <testcase classname="tests.NewTest5" name="testDemoWebShopLogin" time="0.0">
    <skipped/>
  </testcase> <!-- testDemoWebShopLogin -->
  <testcase classname="tests.NewTest5" name="testDemoWebShopLogin" time="0.0">
    <skipped/>
  </testcase> <!-- testDemoWebShopLogin -->
  <testcase classname="tests.NewTest5" name="testDemoWebShopLogin" time="0.0">
    <skipped/>
  </testcase> <!-- testDemoWebShopLogin -->
  <testcase classname="tests.NewTest5" name="testDemoWebShopLogin" time="5.122"/>
  <testcase classname="tests.NewTest5" name="testDemoWebShopLogin" time="2.741"/>
  <testcase classname="tests.NewTest5" name="testDemoWebShopLogin" time="2.986"/>
  <testcase classname="tests.NewTest5" name="testDemoWebShopLogin" time="3.63"/>
  <testcase classname="tests.NewTest5" name="testDemoWebShopLogin" time="2.555"/>
  <testcase classname="tests.NewTest5" name="testDemoWebShopLogin" time="2.756"/>
</testsuite> <!-- Test1 -->
